{"message":"IN-6/11/2020-13:38:01 GMT+0530 (India Standard Time)-Office-11-jit-Jitto Palathra","level":"info"}
{"message":"OUT-6/11/2020-13:38:13 GMT+0530 (India Standard Time)-Office-11-jit-Jitto Palathra","level":"info"}
{"message":"IN-6/11/2020-13:38:22 GMT+0530 (India Standard Time)-Client-12-jith-Jithu Palathra","level":"info"}
{"message":"OUT-6/11/2020-13:38:28 GMT+0530 (India Standard Time)-Client-12-jith-Jithu Palathra","level":"info"}
{"message":"IN-6/11/2020-13:38:38 GMT+0530 (India Standard Time)-Home-01-admin-Jiju Manathara","level":"info"}
{"message":"OUT-6/11/2020-13:48:45 GMT+0530 (India Standard Time)-Home-01-admin-Jiju Manathara","level":"info"}
{"message":"IN-6/11/2020-14:14:29 GMT+0530 (India Standard Time)-Client-01-admin-Jiju Manathara","level":"info"}
{"message":"OUT-6/11/2020-14:26:38 GMT+0530 (India Standard Time)-Client-01-admin-Jiju Manathara","level":"info"}
{"message":"IN-6/11/2020-14:27:26 GMT+0530 (India Standard Time)-Client-12-jith-Jithu Palathra","level":"info"}
{"message":"OUT-6/11/2020-14:28:42 GMT+0530 (India Standard Time)-Client-12-jith-Jithu Palathra","level":"info"}
{"message":"IN-6/11/2020-14:28:49 GMT+0530 (India Standard Time)-Office-01-admin-Jiju Manathara","level":"info"}
{"message":"OUT-6/11/2020-14:33:22 GMT+0530 (India Standard Time)-Office-01-admin-Jiju Manathara","level":"info"}
{"message":"IN-6/11/2020-14:35:04 GMT+0530 (India Standard Time)-Office-876781-hp07-Harry Potter","level":"info"}
{"message":"OUT-6/11/2020-14:35:07 GMT+0530 (India Standard Time)-Office-876781-hp07-Harry Potter","level":"info"}
{"message":"IN-6/11/2020-14:35:13 GMT+0530 (India Standard Time)-Office-01-admin-Jiju Manathara","level":"info"}
{"message":"OUT-6/11/2020-14:35:28 GMT+0530 (India Standard Time)-Office-01-admin-Jiju Manathara","level":"info"}
{"message":"IN-6/11/2020-14:35:40 GMT+0530 (India Standard Time)-Client-876781-hp07-Harry Potter","level":"info"}
{"message":"IN-6/11/2020-14:36:51 GMT+0530 (India Standard Time)-Home-876781-hp07-Harry Potter","level":"info"}
{"message":"IN-6/11/2020-14:49:12 GMT+0530 (India Standard Time)-Home-01-admin-Jiju Manathara","level":"info"}
{"message":"OUT-6/11/2020-14:49:38 GMT+0530 (India Standard Time)-Home-01-admin-Jiju Manathara","level":"info"}
{"message":"IN-6/11/2020-14:50:37 GMT+0530 (India Standard Time)-Client-876781-hp07-Harry Potter","level":"info"}
{"message":"OUT-6/11/2020-14:50:44 GMT+0530 (India Standard Time)-Client-876781-hp07-Harry Potter","level":"info"}
{"message":"IN-6/11/2020-14:50:56 GMT+0530 (India Standard Time)-Office-01-admin-Jiju Manathara","level":"info"}
{"message":"OUT-6/11/2020-14:53:23 GMT+0530 (India Standard Time)-Office-01-admin-Jiju Manathara","level":"info"}
{"message":"IN-6/11/2020-14:57:14 GMT+0530 (India Standard Time)-Home-01-admin-Jiju Manathara","level":"info"}
{"message":"OUT-6/11/2020-14:58:25 GMT+0530 (India Standard Time)-Home-01-admin-Jiju Manathara","level":"info"}
{"message":"IN-6/11/2020-14:58:32 GMT+0530 (India Standard Time)-Home-876781-hp07-Harry Potter","level":"info"}
{"message":"OUT-6/11/2020-14:58:50 GMT+0530 (India Standard Time)-Home-876781-hp07-Harry Potter","level":"info"}
{"message":"IN-6/11/2020-14:58:56 GMT+0530 (India Standard Time)-Client-878761-wr10-Wayne Rooney","level":"info"}
{"message":"OUT-6/11/2020-14:59:07 GMT+0530 (India Standard Time)-Client-878761-wr10-Wayne Rooney","level":"info"}
{"message":"IN-6/11/2020-16:59:10 GMT+0530 (India Standard Time)-Home-01-admin-Jiju Manathara","level":"info"}
{"message":"IN-7/6/2020-11:46:13 GMT+0530 (India Standard Time)-Office-01-admin-Jiju Manathara","level":"info"}
{"message":"IN-7/6/2020-12:47:35 GMT+0530 (India Standard Time)-Office-01-admin-Jiju Manathara","level":"info"}
{"message":"OUT-7/6/2020-12:48:57 GMT+0530 (India Standard Time)-Office-01-admin-Jiju Manathara","level":"info"}
{"message":"IN-7/6/2020-12:53:21 GMT+0530 (India Standard Time)-Office-11-jit-Jitto Palathra","level":"info"}
{"message":"OUT-7/6/2020-12:53:32 GMT+0530 (India Standard Time)-Office-11-jit-Jitto Palathra","level":"info"}
{"message":"IN-7/6/2020-12:56:15 GMT+0530 (India Standard Time)-Client-11-jit-Jitto Palathra","level":"info"}
{"message":"OUT-7/6/2020-12:56:29 GMT+0530 (India Standard Time)-Client-11-jit-Jitto Palathra","level":"info"}
{"message":"IN-7/6/2020-12:56:47 GMT+0530 (India Standard Time)-Home-12-jith-Jithu Palathra","level":"info"}
{"message":"OUT-7/6/2020-12:56:54 GMT+0530 (India Standard Time)-Home-12-jith-Jithu Palathra","level":"info"}
{"message":"IN-7/6/2020-12:57:01 GMT+0530 (India Standard Time)-Office-01-admin-Jiju Manathara","level":"info"}
{"message":"OUT-7/6/2020-13:07:05 GMT+0530 (India Standard Time)-Office-01-admin-Jiju Manathara","level":"info"}
{"message":"IN-11/27/2020-10:38:48 GMT+0530 (India Standard Time)-Home-01-admin-Jiju Manathara","level":"info"}
{"message":"OUT-11/27/2020-10:39:45 GMT+0530 (India Standard Time)-Home-01-admin-Jiju Manathara","level":"info"}
{"message":"IN-11/27/2020-10:40:21 GMT+0530 (India Standard Time)-Office-01-admin-Jiju Manathara","level":"info"}
{"message":"OUT-11/27/2020-10:40:42 GMT+0530 (India Standard Time)-Office-01-admin-Jiju Manathara","level":"info"}
{"message":"IN-11/27/2020-10:40:49 GMT+0530 (India Standard Time)-Home-11-jit-Jitto Palathra","level":"info"}
{"message":"OUT-11/27/2020-10:40:56 GMT+0530 (India Standard Time)-Home-11-jit-Jitto Palathra","level":"info"}
{"message":"IN-11/27/2020-10:41:02 GMT+0530 (India Standard Time)-Office-01-admin-Jiju Manathara","level":"info"}
{"message":"OUT-11/27/2020-10:43:04 GMT+0530 (India Standard Time)-Office-01-admin-Jiju Manathara","level":"info"}
{"message":"IN-12/1/2020-12:59:15 GMT+0530 (India Standard Time)-Home-01-admin-Jiju Manathara","level":"info"}
{"message":"IN-12/1/2020-13:02:31 GMT+0530 (India Standard Time)-Home-01-admin-Jiju Manathara","level":"info"}
{"message":"IN-12/1/2020-13:02:57 GMT+0530 (India Standard Time)-Office-01-admin-Jiju Manathara","level":"info"}
{"message":"IN-12/1/2020-13:40:00 GMT+0530 (India Standard Time)-Office-01-admin-Jiju Manathara","level":"info"}
{"message":"IN-12/1/2020-14:49:35 GMT+0530 (India Standard Time)-Office-01-admin-Jiju Manathara","level":"info"}
{"message":"IN-12/1/2020-15:46:51 GMT+0530 (India Standard Time)-Client-01-admin-Jiju Manathara","level":"info"}
{"message":"IN-12/1/2020-15:56:40 GMT+0530 (India Standard Time)-Office-01-admin-Jiju Manathara","level":"info"}
{"message":"OUT-12/1/2020-16:07:31 GMT+0530 (India Standard Time)-Office-01-admin-Jiju Manathara","level":"info"}
{"message":"IN-12/1/2020-16:08:00 GMT+0530 (India Standard Time)-Office-01-admin-Jiju Manathara","level":"info"}
{"message":"OUT-12/1/2020-16:11:57 GMT+0530 (India Standard Time)-Office-01-admin-Jiju Manathara","level":"info"}
{"message":"IN-12/1/2020-16:14:12 GMT+0530 (India Standard Time)-Home-01-admin-Jiju Manathara","level":"info"}
{"message":"OUT-12/1/2020-16:14:26 GMT+0530 (India Standard Time)-Home-01-admin-Jiju Manathara","level":"info"}
{"message":"IN-12/1/2020-16:14:40 GMT+0530 (India Standard Time)-Office-01-admin-Jiju Manathara","level":"info"}
{"message":"OUT-12/1/2020-16:38:27 GMT+0530 (India Standard Time)-Office-01-admin-Jiju Manathara","level":"info"}
{"message":"IN-12/1/2020-16:39:25 GMT+0530 (India Standard Time)-Home-01-admin-Jiju Manathara","level":"info"}
{"message":"OUT-12/1/2020-16:40:18 GMT+0530 (India Standard Time)-Home-01-admin-Jiju Manathara","level":"info"}
{"message":"IN-12/1/2020-16:44:31 GMT+0530 (India Standard Time)-Office-01-admin-Jiju Manathara","level":"info"}
{"message":"OUT-12/1/2020-16:45:24 GMT+0530 (India Standard Time)-Office-01-admin-Jiju Manathara","level":"info"}
{"message":"IN-12/1/2020-16:47:23 GMT+0530 (India Standard Time)-Office-01-admin-Jiju Manathara","level":"info"}
{"message":"OUT-12/1/2020-16:48:18 GMT+0530 (India Standard Time)-Office-01-admin-Jiju Manathara","level":"info"}
{"message":"IN-12/1/2020-16:50:10 GMT+0530 (India Standard Time)-Office-01-admin-Jiju Manathara","level":"info"}
{"message":"OUT-12/1/2020-16:57:20 GMT+0530 (India Standard Time)-Office-01-admin-Jiju Manathara","level":"info"}
{"message":"IN-12/1/2020-16:58:41 GMT+0530 (India Standard Time)-Office-01-admin-Jiju Manathara","level":"info"}
{"message":"OUT-12/1/2020-17:02:30 GMT+0530 (India Standard Time)-Office-01-admin-Jiju Manathara","level":"info"}
{"message":"IN-12/1/2020-17:03:36 GMT+0530 (India Standard Time)-Home-01-admin-Jiju Manathara","level":"info"}
{"message":"OUT-12/1/2020-17:06:24 GMT+0530 (India Standard Time)-Home-01-admin-Jiju Manathara","level":"info"}
{"message":"IN-12/1/2020-17:06:36 GMT+0530 (India Standard Time)-Home-01-admin-Jiju Manathara","level":"info"}
{"message":"OUT-12/1/2020-17:07:50 GMT+0530 (India Standard Time)-Home-01-admin-Jiju Manathara","level":"info"}
{"message":"IN-12/1/2020-17:09:42 GMT+0530 (India Standard Time)-Office-01-admin-Jiju Manathara","level":"info"}
{"message":"OUT-12/1/2020-17:11:05 GMT+0530 (India Standard Time)-Office-01-admin-Jiju Manathara","level":"info"}
{"message":"IN-12/1/2020-17:12:23 GMT+0530 (India Standard Time)-Office-01-admin-Jiju Manathara","level":"info"}
{"message":"OUT-12/1/2020-17:13:26 GMT+0530 (India Standard Time)-Office-01-admin-Jiju Manathara","level":"info"}
{"message":"IN-12/1/2020-17:17:44 GMT+0530 (India Standard Time)-Home-01-admin-Jiju Manathara","level":"info"}
{"message":"IN-12/2/2020-12:39:36 GMT+0530 (India Standard Time)-Client-01-admin-Jiju Manathara","level":"info"}
{"message":"IN-12/2/2020-13:40:59 GMT+0530 (India Standard Time)-Office-01-admin-Jiju Manathara","level":"info"}
{"message":"IN-12/2/2020-17:34:57 GMT+0530 (India Standard Time)-Office-01-admin-Jiju Manathara","level":"info"}
{"message":"OUT-12/2/2020-17:34:58 GMT+0530 (India Standard Time)-Office-01-admin-Jiju Manathara","level":"info"}
{"message":"IN-12/2/2020-17:35:18 GMT+0530 (India Standard Time)-Office-01-admin-Jiju Manathara","level":"info"}
{"message":"OUT-12/2/2020-17:35:28 GMT+0530 (India Standard Time)-Office-01-admin-Jiju Manathara","level":"info"}
{"message":"IN-12/2/2020-17:38:41 GMT+0530 (India Standard Time)-Office-01-admin-Jiju Manathara","level":"info"}
{"message":"OUT-12/2/2020-17:40:40 GMT+0530 (India Standard Time)-Office-01-admin-Jiju Manathara","level":"info"}
{"message":"IN-12/2/2020-17:49:39 GMT+0530 (India Standard Time)-Client-01-admin-Jiju Manathara","level":"info"}
{"message":"OUT-12/2/2020-17:50:39 GMT+0530 (India Standard Time)-Client-01-admin-Jiju Manathara","level":"info"}
{"message":"IN-12/2/2020-18:11:31 GMT+0530 (India Standard Time)-Office-01-admin-Jiju Manathara","level":"info"}
{"message":"OUT-12/2/2020-18:12:07 GMT+0530 (India Standard Time)-Office-01-admin-Jiju Manathara","level":"info"}
{"message":"IN-12/2/2020-18:21:33 GMT+0530 (India Standard Time)-Office-01-admin-Jiju Manathara","level":"info"}
{"message":"OUT-12/2/2020-18:21:47 GMT+0530 (India Standard Time)-Office-01-admin-Jiju Manathara","level":"info"}
{"message":"IN-12/3/2020-12:36:56 GMT+0530 (India Standard Time)-Office-01-admin-Jiju Manathara","level":"info"}
{"message":"OUT-12/3/2020-12:46:58 GMT+0530 (India Standard Time)-Office-01-admin-Jiju Manathara","level":"info"}
{"message":"IN-12/3/2020-12:48:15 GMT+0530 (India Standard Time)-Office-01-admin-Jiju Manathara","level":"info"}
